<?xml version="1.0" encoding="UTF-8"?>
<testng-results ignored="0" total="1" passed="1" failed="0" skipped="0">
  <reporter-output>
  </reporter-output>
  <suite started-at="2024-04-27T14:14:57 IST" name="Default suite" finished-at="2024-04-27T14:15:59 IST" duration-ms="61469">
    <groups>
    </groups>
    <test started-at="2024-04-27T14:14:57 IST" name="Default test" finished-at="2024-04-27T14:15:59 IST" duration-ms="61469">
      <class name="testpkg.Projecttest">
        <test-method is-config="true" signature="beforetest()[pri:0, instance:testpkg.Projecttest@3e694b3f]" started-at="2024-04-27T14:14:57 IST" name="beforetest" finished-at="2024-04-27T14:15:19 IST" duration-ms="21535" status="PASS">
          <reporter-output>
          </reporter-output>
        </test-method> <!-- beforetest -->
        <test-method signature="loginvalid()[pri:0, instance:testpkg.Projecttest@3e694b3f]" started-at="2024-04-27T14:15:19 IST" name="loginvalid" finished-at="2024-04-27T14:15:59 IST" duration-ms="39535" status="PASS">
          <reporter-output>
          </reporter-output>
        </test-method> <!-- loginvalid -->
      </class> <!-- testpkg.Projecttest -->
    </test> <!-- Default test -->
  </suite> <!-- Default suite -->
</testng-results>
